<?xml version='1.0' encoding='UTF-8'?>
<testsuite hostname="Ihmes" name="IntegrationTest" tests="1" errors="0" failures="1" time="0.022">
        <properties>
[...]
</properties>
        <testcase classname="IntegrationTest" name="test" time="0.0">
      <failure message="com.mongodb.MongoException$Network: can't call something : localhost/127.0.0.1:27017/play_basics" type="sbt.ForkMain$ForkError">
              sbt.ForkMain$ForkError: com.mongodb.MongoException$Network: can't call something : localhost/127.0.0.1:27017/play_basics
	at play.api.test.TestServer.start(Selenium.scala:146)
	at play.test.Helpers.start(Helpers.java:401)
	at play.test.Helpers.running(Helpers.java:430)
	at IntegrationTest.test(IntegrationTest.java:20)
	at sun.reflect.NativeMethodAccessorImpl.invoke0(Native Method)
	at sun.reflect.NativeMethodAccessorImpl.invoke(Unknown Source)
	at sun.reflect.DelegatingMethodAccessorImpl.invoke(Unknown Source)
	at java.lang.reflect.Method.invoke(Unknown Source)
	at org.junit.runners.model.FrameworkMethod$1.runReflectiveCall(FrameworkMethod.java:47)
	at org.junit.internal.runners.model.ReflectiveCallable.run(ReflectiveCallable.java:12)
	at org.junit.runners.model.FrameworkMethod.invokeExplosively(FrameworkMethod.java:44)
	at org.junit.internal.runners.statements.InvokeMethod.evaluate(InvokeMethod.java:17)
	at org.junit.runners.ParentRunner.runLeaf(ParentRunner.java:271)
	at org.junit.runners.BlockJUnit4ClassRunner.runChild(BlockJUnit4ClassRunner.java:70)
	at org.junit.runners.BlockJUnit4ClassRunner.runChild(BlockJUnit4ClassRunner.java:50)
	at org.junit.runners.ParentRunner$3.run(ParentRunner.java:238)
	at org.junit.runners.ParentRunner$1.schedule(ParentRunner.java:63)
	at org.junit.runners.ParentRunner.runChildren(ParentRunner.java:236)
	at org.junit.runners.ParentRunner.access$000(ParentRunner.java:53)
	at org.junit.runners.ParentRunner$2.evaluate(ParentRunner.java:229)
	at org.junit.runners.ParentRunner.run(ParentRunner.java:309)
	at org.junit.runners.Suite.runChild(Suite.java:127)
	at org.junit.runners.Suite.runChild(Suite.java:26)
	at org.junit.runners.ParentRunner$3.run(ParentRunner.java:238)
	at org.junit.runners.ParentRunner$1.schedule(ParentRunner.java:63)
	at org.junit.runners.ParentRunner.runChildren(ParentRunner.java:236)
	at org.junit.runners.ParentRunner.access$000(ParentRunner.java:53)
	at org.junit.runners.ParentRunner$2.evaluate(ParentRunner.java:229)
	at org.junit.runners.ParentRunner.run(ParentRunner.java:309)
	at org.junit.runner.JUnitCore.run(JUnitCore.java:160)
	at org.junit.runner.JUnitCore.run(JUnitCore.java:138)
	at com.novocode.junit.JUnitRunner.run(JUnitRunner.java:90)
	at sbt.RunnerWrapper$1.runRunner2(FrameworkWrapper.java:220)
	at sbt.RunnerWrapper$1.execute(FrameworkWrapper.java:233)
	at sbt.ForkMain$Run.runTest(ForkMain.java:239)
	at sbt.ForkMain$Run.runTestSafe(ForkMain.java:211)
	at sbt.ForkMain$Run.runTests(ForkMain.java:187)
	at sbt.ForkMain$Run.run(ForkMain.java:251)
	at sbt.ForkMain.main(ForkMain.java:97)
Caused by: sbt.ForkMain$ForkError: can't call something : localhost/127.0.0.1:27017/play_basics
	at com.mongodb.DBTCPConnector.innerCall(DBTCPConnector.java:295)
	at com.mongodb.DBTCPConnector.call(DBTCPConnector.java:257)
	at com.mongodb.DBApiLayer$MyCollection.__find(DBApiLayer.java:310)
	at com.mongodb.DBApiLayer$MyCollection.__find(DBApiLayer.java:295)
	at com.mongodb.DBCollection.findOne(DBCollection.java:727)
	at com.mongodb.DBCollection.findOne(DBCollection.java:669)
	at com.mongodb.DBApiLayer$MyCollection.createIndex(DBApiLayer.java:364)
	at com.mongodb.DBCollection.createIndex(DBCollection.java:484)
	at com.mongodb.DBCollection.ensureIndex(DBCollection.java:560)
	at com.mongodb.DBCollection.ensureIndex(DBCollection.java:511)
	at db.ThingDB.init(ThingDB.java:32)
	at Global.onStart(Global.java:15)
	at play.core.j.JavaGlobalSettingsAdapter.onStart(JavaGlobalSettingsAdapter.scala:18)
	at play.api.GlobalPlugin.onStart(GlobalSettings.scala:206)
	at play.api.Play$$anonfun$start$1$$anonfun$apply$mcV$sp$1.apply(Play.scala:88)
	at play.api.Play$$anonfun$start$1$$anonfun$apply$mcV$sp$1.apply(Play.scala:88)
	at scala.collection.immutable.List.foreach(List.scala:318)
	at play.api.Play$$anonfun$start$1.apply$mcV$sp(Play.scala:88)
	at play.api.Play$$anonfun$start$1.apply(Play.scala:88)
	at play.api.Play$$anonfun$start$1.apply(Play.scala:88)
	at play.utils.Threads$.withContextClassLoader(Threads.scala:18)
	at play.api.Play$.start(Play.scala:87)
	at play.core.TestApplication.&lt;init&gt;(ApplicationProvider.scala:64)
	at play.api.test.TestServer.start(Selenium.scala:142)
	... 38 more
Caused by: sbt.ForkMain$ForkError: couldn't connect to [localhost/127.0.0.1:27017] bc:java.net.ConnectException: Connection refused: connect
	at com.mongodb.DBPort._open(DBPort.java:214)
	at com.mongodb.DBPort.go(DBPort.java:107)
	at com.mongodb.DBPort.call(DBPort.java:74)
	at com.mongodb.DBTCPConnector.innerCall(DBTCPConnector.java:286)
	... 61 more

            </failure>
    </testcase>
        <system-out>
          
        </system-out>
        <system-err>
          
        </system-err>
      </testsuite>